
AVRA   Ver. 1.3.0 led_blink.asm Sun Nov 28 10:54:59 2021


         ;name:            led_blink.asm
         ;assemble:        avra led_blink.asm
         ;flash:           avrdude -c arduino -p m328p -P /dev/ttyACM0 -b 115200 -U flash:w:led_blink.hex
         ;description:     Toggles PB5 (led at pin 13) constantly on and of with a 4secs delay.
         ;inspir(at)ed by: http://www.rjhcoding.com/avr-asm-led-blink.php
         ;nov 5, 2021 - agguro - no-license license
         
          .device ATmega328P
          .cseg
          .org 0x00
         
          start:
C:000000 e200          ldi     r16,0b00100000  ;r16 = 0x20 PB5 as output
C:000001 b904          out     0x04,r16        ;r16 to DDRB (0x04) controls PORTB's in/out state.
C:000002 e260          ldi     r22,0b00100000  ;to use as mask  
          loop:
             ;re-use r16 = 0x00100000 to set PB5 high (the famous pin 13 on Arduino Uno Rev3)
C:000003 b905          out     0x05,r16        ;set PORTB with values from r16, pin 13 = low
C:000004 940e 0008     call    delay
C:000006 2706          eor     r16,r22         ;toggle bit PB5
C:000007 cffb          rjmp    loop
             
         ;Assembly code auto-generated by utility from Bret Mulvey
         ;Delay 31 999 991 cycles 1s 999ms 999us 437 1/2 ns at 16.0 MHz
         ;http://darcy.rsgc.on.ca/ACES/TEI4M/AVRdelay.html
          delay:
C:000008 e522          ldi     r18, 82
C:000009 e23b          ldi     r19, 43
C:00000a ef4e          ldi     r20, 254
          l1: 
C:00000b 954a          dec     r20
C:00000c f7f1          brne    l1
C:00000d 953a          dec     r19
C:00000e f7e1          brne    l1
C:00000f 952a          dec     r18
C:000010 f7d1          brne    l1
C:000011 0000          nop
C:000012 9508          ret


Segment usage:
   Code      :        19 words (38 bytes)
   Data      :         0 bytes
   EEPROM    :         0 bytes

Assembly completed with no errors.
